TN:
SF:script/Counter.s.sol
DA:10,0
FN:10,CounterScript.setUp
FNDA:0,CounterScript.setUp
DA:12,0
FN:12,CounterScript.run
FNDA:0,CounterScript.run
DA:13,0
DA:15,0
DA:17,0
FNF:2
FNH:0
LF:5
LH:0
BRF:0
BRH:0
end_of_record
TN:
SF:script/DeployTokenWrapper.s.sol
DA:11,0
FN:11,DeployTokenWrapper.run
FNDA:0,DeployTokenWrapper.run
DA:12,0
DA:14,0
DA:16,0
DA:19,0
DA:20,0
DA:21,0
DA:24,0
DA:27,0
DA:29,0
FNF:1
FNH:0
LF:10
LH:0
BRF:0
BRH:0
end_of_record
TN:
SF:src/SovaBTC.sol
DA:65,7
FN:65,SovaBTC.whenNotPaused
FNDA:7,SovaBTC.whenNotPaused
DA:66,0
BRDA:66,0,0,-
DA:67,0
DA:72,0
FN:72,SovaBTC.whenPaused
FNDA:0,SovaBTC.whenPaused
DA:73,0
BRDA:73,1,0,-
DA:74,0
DA:79,23
FN:79,SovaBTC.constructor
FNDA:23,SovaBTC.constructor
DA:80,23
DA:82,23
DA:83,23
DA:84,23
DA:85,23
DA:88,0
FN:88,SovaBTC.isPaused
FNDA:0,SovaBTC.isPaused
DA:89,0
DA:92,0
FN:92,SovaBTC.name
FNDA:0,SovaBTC.name
DA:93,0
DA:96,0
FN:96,SovaBTC.symbol
FNDA:0,SovaBTC.symbol
DA:97,0
DA:100,0
FN:100,SovaBTC.decimals
FNDA:0,SovaBTC.decimals
DA:101,0
DA:111,0
FN:111,SovaBTC.isTransactionUsed
FNDA:0,SovaBTC.isTransactionUsed
DA:112,0
DA:123,32
FN:123,SovaBTC.depositBTC
FNDA:32,SovaBTC.depositBTC
DA:125,32
BRDA:125,2,0,-
DA:126,0
DA:128,32
BRDA:128,3,0,-
DA:129,0
DA:133,32
DA:136,0
BRDA:136,4,0,-
DA:137,0
DA:140,0
BRDA:140,5,0,-
DA:142,0
DA:145,0
DA:148,0
DA:152,0
DA:169,7
FN:169,SovaBTC.withdraw
FNDA:7,SovaBTC.withdraw
DA:175,7
BRDA:175,6,0,-
DA:176,0
DA:179,7
BRDA:179,7,0,-
DA:180,0
DA:183,7
BRDA:183,8,0,-
DA:184,0
DA:187,7
DA:188,7
BRDA:188,9,0,-
DA:189,0
DA:192,7
BRDA:192,10,0,-
DA:195,7
DA:198,7
DA:199,7
DA:201,7
DA:202,7
BRDA:202,11,0,-
DA:204,7
DA:208,7
DA:216,0
FN:216,SovaBTC.setMinDepositAmount
FNDA:0,SovaBTC.setMinDepositAmount
DA:217,0
BRDA:217,12,0,-
DA:218,0
DA:221,0
DA:222,0
DA:224,0
DA:232,0
FN:232,SovaBTC.setMaxDepositAmount
FNDA:0,SovaBTC.setMaxDepositAmount
DA:233,0
BRDA:233,13,0,-
DA:234,0
DA:237,0
DA:238,0
DA:240,0
DA:248,0
FN:248,SovaBTC.setMaxGasLimitAmount
FNDA:0,SovaBTC.setMaxGasLimitAmount
DA:249,0
BRDA:249,14,0,-
DA:250,0
DA:253,0
DA:254,0
DA:256,0
DA:262,0
FN:262,SovaBTC.pause
FNDA:0,SovaBTC.pause
DA:263,0
DA:265,0
DA:271,0
FN:271,SovaBTC.unpause
FNDA:0,SovaBTC.unpause
DA:272,0
DA:274,0
DA:283,4
FN:283,SovaBTC.adminMint
FNDA:4,SovaBTC.adminMint
DA:284,4
DA:287,0
FN:287,SovaBTC.adminBurn
FNDA:0,SovaBTC.adminBurn
DA:288,0
FNF:17
FNH:5
LF:81
LH:27
BRF:15
BRH:0
end_of_record
TN:
SF:src/SovaL1Block.sol
DA:27,0
FN:27,SovaL1Block.version
FNDA:0,SovaL1Block.version
DA:28,0
DA:31,0
FN:31,SovaL1Block.setBitcoinBlockData
FNDA:0,SovaL1Block.setBitcoinBlockData
DA:32,0
BRDA:32,0,0,-
BRDA:32,0,1,-
DA:34,0
DA:35,0
DA:36,0
FNF:2
FNH:0
LF:7
LH:0
BRF:2
BRH:0
end_of_record
TN:
SF:src/TokenWrapper.sol
DA:56,0
FN:56,TokenWrapper.constructor
FNDA:0,TokenWrapper.constructor
DA:58,0
DA:65,0
FN:65,TokenWrapper.initialize
FNDA:0,TokenWrapper.initialize
DA:66,0
DA:67,0
DA:68,0
DA:69,0
DA:70,0
BRDA:70,0,0,-
DA:71,0
DA:73,0
DA:77,0
FN:77,TokenWrapper._authorizeUpgrade
FNDA:0,TokenWrapper._authorizeUpgrade
DA:86,0
FN:86,TokenWrapper.addAllowedToken
FNDA:0,TokenWrapper.addAllowedToken
DA:87,0
BRDA:87,1,0,-
DA:88,0
BRDA:88,2,0,-
DA:89,0
DA:90,0
DA:91,0
DA:92,0
DA:100,0
FN:100,TokenWrapper.removeAllowedToken
FNDA:0,TokenWrapper.removeAllowedToken
DA:101,0
BRDA:101,3,0,-
DA:102,0
DA:104,0
DA:115,0
FN:115,TokenWrapper.deposit
FNDA:0,TokenWrapper.deposit
DA:116,0
BRDA:116,4,0,-
DA:117,0
BRDA:117,5,0,-
DA:120,0
DA:121,0
DA:122,0
BRDA:122,6,0,-
BRDA:122,6,1,-
DA:124,0
DA:126,0
BRDA:126,7,0,-
DA:128,0
DA:130,0
DA:131,0
BRDA:131,8,0,-
BRDA:131,8,1,-
DA:133,0
DA:134,0
DA:137,0
DA:140,0
BRDA:140,9,0,-
DA:141,0
DA:145,0
DA:147,0
DA:148,0
DA:149,0
BRDA:149,10,0,-
DA:150,0
DA:151,0
DA:155,0
DA:156,0
BRDA:156,11,0,-
DA:157,0
DA:160,0
DA:169,0
FN:169,TokenWrapper.redeem
FNDA:0,TokenWrapper.redeem
DA:170,0
BRDA:170,12,0,-
DA:172,0
DA:173,0
DA:174,0
BRDA:174,13,0,-
BRDA:174,13,1,-
DA:176,0
DA:177,0
DA:178,0
BRDA:178,14,0,-
BRDA:178,14,1,-
DA:180,0
DA:182,0
BRDA:182,15,0,-
DA:184,0
DA:186,0
DA:188,0
DA:192,0
DA:193,0
BRDA:193,16,0,-
DA:194,0
DA:197,0
DA:198,0
DA:199,0
BRDA:199,17,0,-
DA:200,0
DA:201,0
DA:205,0
DA:207,0
DA:208,0
BRDA:208,18,0,-
DA:209,0
DA:212,0
DA:222,0
FN:222,TokenWrapper.setMinDepositSatoshi
FNDA:0,TokenWrapper.setMinDepositSatoshi
DA:223,0
DA:231,0
FN:231,TokenWrapper.setMintFee
FNDA:0,TokenWrapper.setMintFee
DA:232,0
DA:233,0
DA:234,0
DA:242,0
FN:242,TokenWrapper.setBurnFee
FNDA:0,TokenWrapper.setBurnFee
DA:243,0
DA:244,0
DA:245,0
DA:252,0
FN:252,TokenWrapper.pause
FNDA:0,TokenWrapper.pause
DA:253,0
DA:260,0
FN:260,TokenWrapper.unpause
FNDA:0,TokenWrapper.unpause
DA:261,0
FNF:12
FNH:0
LF:88
LH:0
BRF:23
BRH:0
end_of_record
TN:
SF:src/UBTC20.sol
DA:20,0
FN:20,UBTC20.noPendingTransactions
FNDA:0,UBTC20.noPendingTransactions
DA:21,0
BRDA:21,0,0,-
DA:22,0
DA:29,0
FN:29,UBTC20.pendingDepositAmountOf
FNDA:0,UBTC20.pendingDepositAmountOf
DA:30,0
DA:33,0
FN:33,UBTC20.pendingDepositTimestampOf
FNDA:0,UBTC20.pendingDepositTimestampOf
DA:34,0
DA:37,2
FN:37,UBTC20.pendingWithdrawalAmountOf
FNDA:2,UBTC20.pendingWithdrawalAmountOf
DA:38,2
DA:41,0
FN:41,UBTC20.pendingWithdrawalTimestampOf
FNDA:0,UBTC20.pendingWithdrawalTimestampOf
DA:42,0
DA:48,0
FN:48,UBTC20.transfer
FNDA:0,UBTC20.transfer
DA:49,0
DA:53,0
FN:53,UBTC20.transferFrom
FNDA:0,UBTC20.transferFrom
DA:59,0
DA:72,3
FN:72,UBTC20._maybeFinalize
FNDA:3,UBTC20._maybeFinalize
DA:74,3
BRDA:74,1,0,-
DA:75,0
DA:76,0
DA:78,0
DA:84,3
BRDA:84,2,0,3
DA:85,3
DA:86,3
DA:88,3
DA:94,0
FN:94,UBTC20._setPendingDeposit
FNDA:0,UBTC20._setPendingDeposit
DA:95,0
DA:98,7
FN:98,UBTC20._setPendingWithdrawal
FNDA:7,UBTC20._setPendingWithdrawal
DA:99,7
DA:104,3
FN:104,UBTC20.finalize
FNDA:3,UBTC20.finalize
DA:105,3
FNF:11
FNH:4
LF:30
LH:12
BRF:3
BRH:1
end_of_record
TN:
SF:src/lib/SovaBitcoin.sol
DA:53,0
FN:53,SovaBitcoin.version
FNDA:0,SovaBitcoin.version
DA:54,0
DA:64,32
FN:64,SovaBitcoin.decodeBitcoinTx
FNDA:32,SovaBitcoin.decodeBitcoinTx
DA:65,32
DA:66,32
BRDA:66,0,0,30
DA:67,2
DA:77,0
FN:77,SovaBitcoin.convertToBtcAddress
FNDA:0,SovaBitcoin.convertToBtcAddress
DA:78,0
DA:79,0
DA:80,0
BRDA:80,1,0,-
DA:81,0
DA:89,0
FN:89,SovaBitcoin.broadcastBitcoinTx
FNDA:0,SovaBitcoin.broadcastBitcoinTx
DA:90,0
DA:91,0
BRDA:91,2,0,-
DA:108,32
FN:108,SovaBitcoin.isValidDeposit
FNDA:32,SovaBitcoin.isValidDeposit
DA:109,32
DA:111,0
BRDA:111,3,0,-
DA:112,0
DA:115,0
BRDA:115,4,0,-
DA:116,0
DA:119,0
BRDA:119,5,0,-
DA:120,0
DA:123,0
BRDA:123,6,0,-
DA:124,0
DA:128,0
DA:130,0
BRDA:130,7,0,-
DA:131,0
DA:134,0
FNF:5
FNH:2
LF:28
LH:6
BRF:8
BRH:1
end_of_record
TN:
SF:test/08_UUPS_Security.t.sol
DA:35,0
FN:35,MockUpgradeableSovaBTC.constructor
FNDA:0,MockUpgradeableSovaBTC.constructor
DA:36,0
DA:39,0
FN:39,MockUpgradeableSovaBTC.initialize
FNDA:0,MockUpgradeableSovaBTC.initialize
DA:45,0
BRDA:45,0,0,-
DA:47,0
DA:48,0
DA:50,0
DA:51,0
DA:52,0
DA:53,0
DA:56,0
FN:56,MockUpgradeableSovaBTC._authorizeUpgrade
FNDA:0,MockUpgradeableSovaBTC._authorizeUpgrade
DA:58,0
FN:58,MockUpgradeableSovaBTC.balanceOf
FNDA:0,MockUpgradeableSovaBTC.balanceOf
DA:59,0
DA:62,0
FN:62,MockUpgradeableSovaBTC.adminMint
FNDA:0,MockUpgradeableSovaBTC.adminMint
DA:63,0
DA:66,0
FN:66,MockUpgradeableSovaBTC.withdraw
FNDA:0,MockUpgradeableSovaBTC.withdraw
DA:67,0
DA:75,0
FN:75,MockUpgradeableSovaBTC.finalize
FNDA:0,MockUpgradeableSovaBTC.finalize
DA:76,0
DA:80,0
FN:80,MockUpgradeableSovaBTC.setMinDepositAmount
FNDA:0,MockUpgradeableSovaBTC.setMinDepositAmount
DA:81,0
DA:84,0
FN:84,MockUpgradeableSovaBTC.setMaxDepositAmount
FNDA:0,MockUpgradeableSovaBTC.setMaxDepositAmount
DA:85,0
DA:88,0
FN:88,MockUpgradeableSovaBTC.setMaxGasLimitAmount
FNDA:0,MockUpgradeableSovaBTC.setMaxGasLimitAmount
DA:89,0
DA:92,0
FN:92,MockUpgradeableSovaBTC.depositBTC
FNDA:0,MockUpgradeableSovaBTC.depositBTC
DA:94,0
DA:97,0
FN:97,MockUpgradeableSovaBTC.implementation
FNDA:0,MockUpgradeableSovaBTC.implementation
DA:98,0
DA:102,0
FN:102,MockUpgradeableSovaBTC.isPaused
FNDA:0,MockUpgradeableSovaBTC.isPaused
DA:103,0
DA:107,0
FN:107,MockUpgradeableSovaBTC.setPaused
FNDA:0,MockUpgradeableSovaBTC.setPaused
DA:108,0
DA:553,0
FN:553,MaliciousSovaBTC.owner
FNDA:0,MaliciousSovaBTC.owner
DA:556,0
DA:560,0
FN:560,MaliciousSovaBTC.stealFunds
FNDA:0,MaliciousSovaBTC.stealFunds
DA:563,0
BRDA:563,0,0,-
BRDA:563,0,1,-
FNF:16
FNH:0
LF:37
LH:0
BRF:3
BRH:0
end_of_record
TN:
SF:test/10_Malicious_ERC20.t.sol
DA:24,0
FN:24,FalseReturnToken.totalSupply
FNDA:0,FalseReturnToken.totalSupply
DA:25,0
FN:25,FalseReturnToken.balanceOf
FNDA:0,FalseReturnToken.balanceOf
DA:26,0
FN:26,FalseReturnToken.allowance
FNDA:0,FalseReturnToken.allowance
DA:28,0
FN:28,FalseReturnToken.mint
FNDA:0,FalseReturnToken.mint
DA:29,0
DA:30,0
DA:33,0
FN:33,FalseReturnToken.approve
FNDA:0,FalseReturnToken.approve
DA:34,0
DA:35,0
DA:39,0
FN:39,FalseReturnToken.transfer
FNDA:0,FalseReturnToken.transfer
DA:40,0
DA:43,0
FN:43,FalseReturnToken.transferFrom
FNDA:0,FalseReturnToken.transferFrom
DA:44,0
BRDA:44,0,0,-
DA:45,0
DA:46,0
DA:47,0
DA:48,0
DA:50,0
DA:64,0
FN:64,FeeToken.totalSupply
FNDA:0,FeeToken.totalSupply
DA:65,0
FN:65,FeeToken.balanceOf
FNDA:0,FeeToken.balanceOf
DA:66,0
FN:66,FeeToken.allowance
FNDA:0,FeeToken.allowance
DA:68,0
FN:68,FeeToken.mint
FNDA:0,FeeToken.mint
DA:69,0
DA:70,0
DA:73,0
FN:73,FeeToken.approve
FNDA:0,FeeToken.approve
DA:74,0
DA:75,0
DA:78,0
FN:78,FeeToken.transfer
FNDA:0,FeeToken.transfer
DA:79,0
DA:82,0
FN:82,FeeToken.transferFrom
FNDA:0,FeeToken.transferFrom
DA:83,0
BRDA:83,0,0,-
BRDA:83,0,1,-
DA:84,0
DA:85,0
DA:88,0
FN:88,FeeToken._transferWithFee
FNDA:0,FeeToken._transferWithFee
DA:89,0
BRDA:89,1,0,-
BRDA:89,1,1,-
DA:90,0
DA:91,0
DA:93,0
DA:94,0
DA:96,0
DA:98,0
DA:111,0
FN:111,ZeroRevertToken.totalSupply
FNDA:0,ZeroRevertToken.totalSupply
DA:112,0
FN:112,ZeroRevertToken.balanceOf
FNDA:0,ZeroRevertToken.balanceOf
DA:113,0
FN:113,ZeroRevertToken.allowance
FNDA:0,ZeroRevertToken.allowance
DA:115,0
FN:115,ZeroRevertToken.mint
FNDA:0,ZeroRevertToken.mint
DA:116,0
DA:117,0
DA:120,0
FN:120,ZeroRevertToken.approve
FNDA:0,ZeroRevertToken.approve
DA:121,0
DA:122,0
DA:125,0
FN:125,ZeroRevertToken.transfer
FNDA:0,ZeroRevertToken.transfer
DA:126,0
BRDA:126,0,0,-
BRDA:126,0,1,-
DA:127,0
BRDA:127,1,0,-
BRDA:127,1,1,-
DA:128,0
DA:129,0
DA:130,0
DA:133,0
FN:133,ZeroRevertToken.transferFrom
FNDA:0,ZeroRevertToken.transferFrom
DA:134,0
BRDA:134,2,0,-
BRDA:134,2,1,-
DA:135,0
BRDA:135,3,0,-
BRDA:135,3,1,-
DA:136,0
BRDA:136,4,0,-
BRDA:136,4,1,-
DA:138,0
DA:139,0
DA:140,0
DA:141,0
DA:156,0
FN:156,BlacklistToken.constructor
FNDA:0,BlacklistToken.constructor
DA:158,0
FN:158,BlacklistToken.notBlacklisted
FNDA:0,BlacklistToken.notBlacklisted
DA:159,0
BRDA:159,0,0,-
BRDA:159,0,1,-
DA:163,0
FN:163,BlacklistToken.totalSupply
FNDA:0,BlacklistToken.totalSupply
DA:164,0
FN:164,BlacklistToken.balanceOf
FNDA:0,BlacklistToken.balanceOf
DA:165,0
FN:165,BlacklistToken.allowance
FNDA:0,BlacklistToken.allowance
DA:167,0
FN:167,BlacklistToken.mint
FNDA:0,BlacklistToken.mint
DA:168,0
DA:169,0
DA:172,0
FN:172,BlacklistToken.blacklist
FNDA:0,BlacklistToken.blacklist
DA:173,0
BRDA:173,1,0,-
BRDA:173,1,1,-
DA:174,0
DA:177,0
FN:177,BlacklistToken.unblacklist
FNDA:0,BlacklistToken.unblacklist
DA:178,0
BRDA:178,2,0,-
BRDA:178,2,1,-
DA:179,0
DA:182,0
FN:182,BlacklistToken.approve
FNDA:0,BlacklistToken.approve
DA:183,0
DA:184,0
DA:187,0
FN:187,BlacklistToken.transfer
FNDA:0,BlacklistToken.transfer
DA:188,0
BRDA:188,3,0,-
BRDA:188,3,1,-
DA:189,0
DA:190,0
DA:191,0
DA:194,0
FN:194,BlacklistToken.transferFrom
FNDA:0,BlacklistToken.transferFrom
DA:195,0
BRDA:195,4,0,-
BRDA:195,4,1,-
DA:196,0
BRDA:196,5,0,-
BRDA:196,5,1,-
DA:198,0
DA:199,0
DA:200,0
DA:201,0
DA:218,0
FN:218,ReentrancyToken.totalSupply
FNDA:0,ReentrancyToken.totalSupply
DA:219,0
FN:219,ReentrancyToken.balanceOf
FNDA:0,ReentrancyToken.balanceOf
DA:220,0
FN:220,ReentrancyToken.allowance
FNDA:0,ReentrancyToken.allowance
DA:222,0
FN:222,ReentrancyToken.mint
FNDA:0,ReentrancyToken.mint
DA:223,0
DA:224,0
DA:227,0
FN:227,ReentrancyToken.setTarget
FNDA:0,ReentrancyToken.setTarget
DA:228,0
DA:231,0
FN:231,ReentrancyToken.enableAttack
FNDA:0,ReentrancyToken.enableAttack
DA:232,0
DA:235,0
FN:235,ReentrancyToken.enableRedeemAttack
FNDA:0,ReentrancyToken.enableRedeemAttack
DA:236,0
DA:239,0
FN:239,ReentrancyToken.approve
FNDA:0,ReentrancyToken.approve
DA:240,0
DA:241,0
DA:244,0
FN:244,ReentrancyToken.transfer
FNDA:0,ReentrancyToken.transfer
DA:245,0
BRDA:245,0,0,-
BRDA:245,0,1,-
DA:246,0
DA:247,0
DA:250,0
BRDA:250,1,0,-
DA:251,0
BRDA:251,2,0,-
DA:255,0
BRDA:255,3,0,-
DA:256,0
BRDA:256,4,0,-
DA:259,0
DA:262,0
FN:262,ReentrancyToken.transferFrom
FNDA:0,ReentrancyToken.transferFrom
DA:263,0
BRDA:263,5,0,-
BRDA:263,5,1,-
DA:264,0
BRDA:264,6,0,-
BRDA:264,6,1,-
DA:266,0
DA:267,0
DA:268,0
DA:269,0
DA:282,0
FN:282,ExtremeSupplyToken.constructor
FNDA:0,ExtremeSupplyToken.constructor
DA:283,0
DA:284,0
DA:287,0
FN:287,ExtremeSupplyToken.totalSupply
FNDA:0,ExtremeSupplyToken.totalSupply
DA:288,0
FN:288,ExtremeSupplyToken.balanceOf
FNDA:0,ExtremeSupplyToken.balanceOf
DA:289,0
FN:289,ExtremeSupplyToken.allowance
FNDA:0,ExtremeSupplyToken.allowance
DA:291,0
FN:291,ExtremeSupplyToken.mint
FNDA:0,ExtremeSupplyToken.mint
DA:292,0
DA:296,0
FN:296,ExtremeSupplyToken.approve
FNDA:0,ExtremeSupplyToken.approve
DA:297,0
DA:298,0
DA:301,0
FN:301,ExtremeSupplyToken.transfer
FNDA:0,ExtremeSupplyToken.transfer
DA:302,0
BRDA:302,0,0,-
BRDA:302,0,1,-
DA:303,0
DA:304,0
DA:305,0
DA:308,0
FN:308,ExtremeSupplyToken.transferFrom
FNDA:0,ExtremeSupplyToken.transferFrom
DA:309,0
BRDA:309,1,0,-
BRDA:309,1,1,-
DA:310,0
BRDA:310,2,0,-
BRDA:310,2,1,-
DA:312,0
DA:313,0
DA:314,0
DA:315,0
DA:328,0
FN:328,AlwaysRevertToken.totalSupply
FNDA:0,AlwaysRevertToken.totalSupply
DA:329,0
FN:329,AlwaysRevertToken.balanceOf
FNDA:0,AlwaysRevertToken.balanceOf
DA:330,0
FN:330,AlwaysRevertToken.allowance
FNDA:0,AlwaysRevertToken.allowance
DA:332,0
FN:332,AlwaysRevertToken.mint
FNDA:0,AlwaysRevertToken.mint
DA:333,0
DA:334,0
DA:337,0
FN:337,AlwaysRevertToken.approve
FNDA:0,AlwaysRevertToken.approve
DA:338,0
DA:339,0
DA:342,0
FN:342,AlwaysRevertToken.transfer
FNDA:0,AlwaysRevertToken.transfer
DA:343,0
DA:346,0
FN:346,AlwaysRevertToken.transferFrom
FNDA:0,AlwaysRevertToken.transferFrom
DA:347,0
FNF:58
FNH:0
LF:161
LH:0
BRF:43
BRH:0
end_of_record
TN:
SF:test/11_Precompile_Failures.t.sol
DA:23,35
FN:23,MaliciousPrecompile.setFailureMode
FNDA:35,MaliciousPrecompile.setFailureMode
DA:24,35
DA:27,37
FN:27,MaliciousPrecompile.fallback
FNDA:37,MaliciousPrecompile.fallback
DA:28,37
DA:30,37
DA:32,37
BRDA:32,1,0,-
BRDA:32,1,1,-
DA:33,0
DA:34,37
BRDA:34,2,0,30
BRDA:34,2,1,-
DA:35,30
DA:36,7
BRDA:36,3,0,-
BRDA:36,3,1,-
DA:37,0
DA:38,7
BRDA:38,4,0,7
DA:39,7
DA:42,0
DA:45,0
FN:45,MaliciousPrecompile.handleBroadcast
FNDA:0,MaliciousPrecompile.handleBroadcast
DA:46,0
BRDA:46,5,0,-
DA:47,0
DA:49,0
DA:52,30
FN:52,MaliciousPrecompile.handleDecode
FNDA:30,MaliciousPrecompile.handleDecode
DA:53,30
BRDA:53,6,0,-
DA:54,0
DA:56,30
BRDA:56,7,0,-
DA:58,0
DA:65,30
BRDA:65,8,0,-
DA:67,0
DA:68,0
DA:75,0
DA:76,0
DA:82,0
DA:91,30
DA:93,0
DA:94,0
DA:101,0
DA:102,0
DA:108,0
DA:116,0
FN:116,MaliciousPrecompile.handleAddressConvert
FNDA:0,MaliciousPrecompile.handleAddressConvert
DA:117,0
BRDA:117,9,0,-
DA:118,0
DA:121,0
DA:124,7
FN:124,MaliciousPrecompile.handleSignTx
FNDA:7,MaliciousPrecompile.handleSignTx
DA:125,7
BRDA:125,10,0,-
DA:126,0
DA:128,7
BRDA:128,11,0,-
DA:129,0
DA:132,7
FNF:6
FNH:4
LF:45
LH:20
BRF:14
BRH:2
end_of_record
TN:
SF:test/19_UUPS_Coverage.t.sol
DA:32,0
FN:32,TestUpgradeableSovaBTC.constructor
FNDA:0,TestUpgradeableSovaBTC.constructor
DA:33,0
DA:36,0
FN:36,TestUpgradeableSovaBTC.initialize
FNDA:0,TestUpgradeableSovaBTC.initialize
DA:43,0
BRDA:43,0,0,-
DA:45,0
DA:46,0
DA:48,0
DA:49,0
DA:50,0
DA:51,0
DA:54,0
FN:54,TestUpgradeableSovaBTC._authorizeUpgrade
FNDA:0,TestUpgradeableSovaBTC._authorizeUpgrade
DA:56,0
FN:56,TestUpgradeableSovaBTC.balanceOf
FNDA:0,TestUpgradeableSovaBTC.balanceOf
DA:57,0
DA:60,0
FN:60,TestUpgradeableSovaBTC.adminMint
FNDA:0,TestUpgradeableSovaBTC.adminMint
DA:61,0
DA:64,0
FN:64,TestUpgradeableSovaBTC.withdraw
FNDA:0,TestUpgradeableSovaBTC.withdraw
DA:65,0
DA:73,0
FN:73,TestUpgradeableSovaBTC.finalize
FNDA:0,TestUpgradeableSovaBTC.finalize
DA:74,0
DA:77,0
FN:77,TestUpgradeableSovaBTC.setMinDepositAmount
FNDA:0,TestUpgradeableSovaBTC.setMinDepositAmount
DA:78,0
DA:81,0
FN:81,TestUpgradeableSovaBTC.setMaxDepositAmount
FNDA:0,TestUpgradeableSovaBTC.setMaxDepositAmount
DA:82,0
DA:85,0
FN:85,TestUpgradeableSovaBTC.setMaxGasLimitAmount
FNDA:0,TestUpgradeableSovaBTC.setMaxGasLimitAmount
DA:86,0
DA:89,0
FN:89,TestUpgradeableSovaBTC.depositBTC
FNDA:0,TestUpgradeableSovaBTC.depositBTC
DA:90,0
DA:93,0
FN:93,TestUpgradeableSovaBTC.implementation
FNDA:0,TestUpgradeableSovaBTC.implementation
DA:94,0
DA:97,0
FN:97,TestUpgradeableSovaBTC.isPaused
FNDA:0,TestUpgradeableSovaBTC.isPaused
DA:98,0
DA:101,0
FN:101,TestUpgradeableSovaBTC.setPaused
FNDA:0,TestUpgradeableSovaBTC.setPaused
DA:102,0
DA:117,0
FN:117,TestUpgradeableWithoutConstructor.initialize
FNDA:0,TestUpgradeableWithoutConstructor.initialize
DA:124,0
BRDA:124,0,0,-
DA:126,0
DA:127,0
DA:129,0
DA:130,0
DA:131,0
DA:132,0
DA:135,0
FN:135,TestUpgradeableWithoutConstructor._authorizeUpgrade
FNDA:0,TestUpgradeableWithoutConstructor._authorizeUpgrade
FNF:16
FNH:0
LF:42
LH:0
BRF:2
BRH:0
end_of_record
TN:
SF:test/mocks/MockBTCPrecompile.sol
DA:51,0
FN:51,MockBTCPrecompile.setMockOutputs
FNDA:0,MockBTCPrecompile.setMockOutputs
DA:52,0
DA:55,0
FN:55,MockBTCPrecompile.setMockValue
FNDA:0,MockBTCPrecompile.setMockValue
DA:56,0
DA:59,0
FN:59,MockBTCPrecompile.setMockInputs
FNDA:0,MockBTCPrecompile.setMockInputs
DA:60,0
DA:63,0
FN:63,MockBTCPrecompile.setMockLocktime
FNDA:0,MockBTCPrecompile.setMockLocktime
DA:64,0
DA:67,0
FN:67,MockBTCPrecompile.setMockAddress
FNDA:0,MockBTCPrecompile.setMockAddress
DA:68,0
DA:71,0
FN:71,MockBTCPrecompile.setPrecompileFails
FNDA:0,MockBTCPrecompile.setPrecompileFails
DA:72,0
DA:75,0
FN:75,MockBTCPrecompile.reset
FNDA:0,MockBTCPrecompile.reset
DA:76,0
DA:77,0
DA:78,0
DA:79,0
DA:80,0
DA:81,0
DA:103,0
FN:103,MockBTCPrecompile.fallback
FNDA:0,MockBTCPrecompile.fallback
DA:104,0
BRDA:104,0,0,-
DA:105,0
DA:109,0
BRDA:109,1,0,-
DA:110,0
DA:112,0
DA:114,0
BRDA:114,2,0,-
DA:116,0
DA:119,0
BRDA:119,3,0,-
DA:123,0
DA:124,0
BRDA:124,4,0,-
DA:125,0
DA:127,0
DA:130,0
BRDA:130,5,0,-
DA:132,0
DA:135,0
BRDA:135,6,0,-
DA:137,0
DA:141,0
DA:149,0
FN:149,MockBTCPrecompile._encodeTx
FNDA:0,MockBTCPrecompile._encodeTx
DA:150,0
DA:151,0
BRDA:151,7,0,-
DA:152,0
DA:159,0
DA:160,0
BRDA:160,8,0,-
DA:161,0
DA:165,0
DA:168,0
FNF:9
FNH:0
LF:46
LH:0
BRF:9
BRH:0
end_of_record
TN:
SF:test/mocks/MockERC20BTC.sol
DA:17,0
FN:17,MockERC20BTC.constructor
FNDA:0,MockERC20BTC.constructor
DA:18,0
DA:19,0
DA:20,0
DA:23,0
FN:23,MockERC20BTC.decimals
FNDA:0,MockERC20BTC.decimals
DA:24,0
DA:27,0
FN:27,MockERC20BTC.balanceOf
FNDA:0,MockERC20BTC.balanceOf
DA:28,0
DA:31,0
FN:31,MockERC20BTC.transfer
FNDA:0,MockERC20BTC.transfer
DA:32,0
BRDA:32,0,0,-
BRDA:32,0,1,-
DA:33,0
DA:34,0
DA:35,0
DA:36,0
DA:39,0
FN:39,MockERC20BTC.allowance
FNDA:0,MockERC20BTC.allowance
DA:40,0
DA:43,0
FN:43,MockERC20BTC.approve
FNDA:0,MockERC20BTC.approve
DA:44,0
DA:45,0
DA:46,0
DA:49,0
FN:49,MockERC20BTC.transferFrom
FNDA:0,MockERC20BTC.transferFrom
DA:50,0
BRDA:50,1,0,-
BRDA:50,1,1,-
DA:51,0
BRDA:51,2,0,-
BRDA:51,2,1,-
DA:52,0
DA:53,0
DA:54,0
DA:55,0
DA:56,0
DA:60,0
FN:60,MockERC20BTC.mint
FNDA:0,MockERC20BTC.mint
DA:61,0
DA:62,0
DA:63,0
FNF:8
FNH:0
LF:32
LH:0
BRF:6
BRH:0
end_of_record
