TN:
SF:script/ApproveNewWrapper.s.sol
DA:16,0
FN:16,ApproveNewWrapper.run
FNDA:0,ApproveNewWrapper.run
DA:17,0
DA:19,0
DA:22,0
DA:23,0
DA:24,0
DA:26,0
DA:27,0
DA:29,0
DA:30,0
DA:32,0
DA:33,0
DA:35,0
DA:36,0
DA:38,0
FNF:1
FNH:0
LF:15
LH:0
BRF:0
BRH:0
end_of_record
TN:
SF:script/ApproveTokens.s.sol
DA:8,0
FN:8,ApproveTokens.run
FNDA:0,ApproveTokens.run
DA:9,0
DA:11,0
DA:14,0
DA:15,0
DA:18,0
DA:20,0
DA:22,0
DA:23,0
DA:24,0
DA:25,0
DA:27,0
DA:30,0
FN:30,ApproveTokens.approveAllTokens
FNDA:0,ApproveTokens.approveAllTokens
DA:31,0
DA:33,0
DA:36,0
DA:37,0
DA:38,0
DA:39,0
DA:42,0
DA:43,0
DA:46,0
DA:47,0
DA:48,0
DA:50,0
DA:51,0
DA:52,0
DA:53,0
DA:55,0
FNF:2
FNH:0
LF:29
LH:0
BRF:0
BRH:0
end_of_record
TN:
SF:script/ConfigureOFTPeers.s.sol
DA:25,0
FN:25,ConfigureOFTPeers.setUp
FNDA:0,ConfigureOFTPeers.setUp
DA:27,0
DA:28,0
DA:29,0
DA:30,0
DA:33,0
FN:33,ConfigureOFTPeers.run
FNDA:0,ConfigureOFTPeers.run
DA:34,0
DA:35,0
DA:37,0
BRDA:37,0,0,-
BRDA:37,0,1,-
DA:39,0
DA:41,0
DA:43,0
DA:44,0
DA:47,0
BRDA:47,1,0,-
BRDA:47,1,1,-
DA:49,0
DA:50,0
BRDA:50,2,0,-
BRDA:50,2,1,-
DA:52,0
DA:53,0
BRDA:53,3,0,-
BRDA:53,3,1,-
DA:55,0
DA:56,0
BRDA:56,4,0,-
BRDA:56,4,1,-
DA:58,0
DA:60,0
DA:63,0
DA:65,0
DA:68,0
FN:68,ConfigureOFTPeers.configureEthereumSepoliaPeers
FNDA:0,ConfigureOFTPeers.configureEthereumSepoliaPeers
DA:69,0
DA:72,0
DA:73,0
DA:76,0
DA:77,0
DA:80,0
DA:81,0
DA:84,0
FN:84,ConfigureOFTPeers.configureBaseSepoliaPeers
FNDA:0,ConfigureOFTPeers.configureBaseSepoliaPeers
DA:85,0
DA:88,0
DA:89,0
DA:92,0
DA:93,0
DA:96,0
DA:97,0
DA:100,0
FN:100,ConfigureOFTPeers.configureOptimismSepoliaPeers
FNDA:0,ConfigureOFTPeers.configureOptimismSepoliaPeers
DA:101,0
DA:104,0
DA:105,0
DA:108,0
DA:109,0
DA:112,0
DA:113,0
DA:116,0
FN:116,ConfigureOFTPeers.configureArbitrumSepoliaPeers
FNDA:0,ConfigureOFTPeers.configureArbitrumSepoliaPeers
DA:117,0
DA:120,0
DA:121,0
DA:124,0
DA:125,0
DA:128,0
DA:129,0
DA:132,0
FN:132,ConfigureOFTPeers.addressToBytes32
FNDA:0,ConfigureOFTPeers.addressToBytes32
DA:133,0
DA:137,0
FN:137,ConfigureOFTPeers.checkPeerConfiguration
FNDA:0,ConfigureOFTPeers.checkPeerConfiguration
DA:138,0
DA:140,0
DA:141,0
DA:142,0
DA:143,0
DA:146,0
DA:147,0
DA:148,0
DA:149,0
FNF:8
FNH:0
LF:68
LH:0
BRF:10
BRH:0
end_of_record
TN:
SF:script/ConfigurePeers.s.sol
DA:26,0
FN:26,ConfigurePeers.constructor
FNDA:0,ConfigurePeers.constructor
DA:28,0
DA:35,0
DA:42,0
DA:49,0
DA:58,0
FN:58,ConfigurePeers.run
FNDA:0,ConfigurePeers.run
DA:59,0
DA:60,0
DA:62,0
DA:64,0
DA:65,0
DA:66,0
DA:67,0
DA:68,0
DA:71,0
DA:72,0
BRDA:72,0,0,-
BRDA:72,0,1,-
DA:74,0
DA:75,0
DA:76,0
DA:77,0
DA:80,0
DA:82,0
DA:84,0
DA:85,0
DA:90,0
FN:90,ConfigurePeers.configurePeersForAllNetworks
FNDA:0,ConfigurePeers.configurePeersForAllNetworks
DA:94,0
DA:97,0
BRDA:97,1,0,-
DA:98,0
DA:101,0
BRDA:101,2,0,-
DA:102,0
DA:105,0
BRDA:105,3,0,-
DA:106,0
DA:109,0
BRDA:109,4,0,-
DA:110,0
DA:113,0
DA:116,0
FN:116,ConfigurePeers.configurePeer
FNDA:0,ConfigurePeers.configurePeer
DA:121,0
DA:124,0
DA:127,0
DA:129,0
DA:134,0
FN:134,ConfigurePeers.addressToBytes32
FNDA:0,ConfigurePeers.addressToBytes32
DA:135,0
DA:138,0
FN:138,ConfigurePeers.bytes32ToAddress
FNDA:0,ConfigurePeers.bytes32ToAddress
DA:139,0
DA:144,0
FN:144,ConfigurePeers.outputPeerStatus
FNDA:0,ConfigurePeers.outputPeerStatus
DA:145,0
DA:146,0
DA:147,0
DA:148,0
DA:149,0
DA:150,0
DA:152,0
DA:153,0
BRDA:153,5,0,-
DA:154,0
DA:156,0
BRDA:156,6,0,-
DA:157,0
DA:159,0
BRDA:159,7,0,-
DA:160,0
DA:162,0
BRDA:162,8,0,-
DA:163,0
DA:165,0
DA:167,0
DA:168,0
DA:169,0
DA:170,0
DA:171,0
DA:181,0
FN:181,ConfigurePeers.configureSinglePeer
FNDA:0,ConfigurePeers.configureSinglePeer
DA:182,0
DA:183,0
DA:185,0
DA:186,0
BRDA:186,9,0,-
BRDA:186,9,1,-
DA:188,0
DA:189,0
DA:191,0
DA:193,0
DA:195,0
DA:202,0
FN:202,ConfigurePeers.removePeer
FNDA:0,ConfigurePeers.removePeer
DA:203,0
DA:204,0
DA:206,0
DA:207,0
BRDA:207,10,0,-
BRDA:207,10,1,-
DA:209,0
DA:212,0
DA:214,0
DA:216,0
DA:224,0
FN:224,ConfigurePeers.verifyPeers
FNDA:0,ConfigurePeers.verifyPeers
DA:225,0
DA:226,0
BRDA:226,11,0,-
BRDA:226,11,1,-
DA:228,0
DA:230,0
DA:231,0
DA:232,0
DA:235,0
DA:236,0
DA:237,0
DA:238,0
DA:241,0
FN:241,ConfigurePeers._verifyPeerRelationship
FNDA:0,ConfigurePeers._verifyPeerRelationship
DA:247,0
BRDA:247,12,0,-
DA:248,0
DA:249,0
DA:251,0
BRDA:251,13,0,-
BRDA:251,13,1,-
DA:252,0
DA:254,0
DA:265,0
FN:265,ConfigurePeers.updateContractAddresses
FNDA:0,ConfigurePeers.updateContractAddresses
DA:271,0
DA:273,0
BRDA:273,14,0,-
DA:274,0
DA:275,0
DA:278,0
BRDA:278,15,0,-
DA:279,0
DA:280,0
DA:283,0
BRDA:283,16,0,-
DA:284,0
DA:285,0
DA:288,0
BRDA:288,17,0,-
DA:289,0
DA:290,0
FNF:12
FNH:0
LF:117
LH:0
BRF:23
BRH:0
end_of_record
TN:
SF:script/ConfigurePeersUpdated.s.sol
DA:18,0
FN:18,ConfigurePeersUpdated.run
FNDA:0,ConfigurePeersUpdated.run
DA:19,0
DA:22,0
DA:24,0
DA:26,0
BRDA:26,0,0,-
BRDA:26,0,1,-
DA:28,0
DA:29,0
BRDA:29,1,0,-
BRDA:29,1,1,-
DA:31,0
DA:32,0
BRDA:32,2,0,-
DA:34,0
DA:37,0
DA:40,0
FN:40,ConfigurePeersUpdated.configureEthereumSepoliaPeers
FNDA:0,ConfigurePeersUpdated.configureEthereumSepoliaPeers
DA:41,0
DA:44,0
DA:45,0
DA:48,0
DA:49,0
DA:52,0
FN:52,ConfigurePeersUpdated.configureBaseSepoliaPeers
FNDA:0,ConfigurePeersUpdated.configureBaseSepoliaPeers
DA:53,0
DA:56,0
DA:57,0
DA:60,0
DA:61,0
DA:64,0
FN:64,ConfigurePeersUpdated.configureOptimismSepoliaPeers
FNDA:0,ConfigurePeersUpdated.configureOptimismSepoliaPeers
DA:65,0
DA:68,0
DA:69,0
DA:72,0
DA:73,0
DA:76,0
FN:76,ConfigurePeersUpdated.configureAllPeers
FNDA:0,ConfigurePeersUpdated.configureAllPeers
DA:77,0
DA:79,0
DA:82,0
DA:83,0
DA:84,0
DA:85,0
DA:88,0
DA:89,0
DA:90,0
DA:91,0
DA:94,0
DA:95,0
DA:96,0
DA:97,0
DA:99,0
DA:102,0
FN:102,ConfigurePeersUpdated.addressToBytes32
FNDA:0,ConfigurePeersUpdated.addressToBytes32
DA:103,0
FNF:6
FNH:0
LF:47
LH:0
BRF:5
BRH:0
end_of_record
TN:
SF:script/ConfigureRealOFTPeers.s.sol
DA:18,0
FN:18,ConfigureRealOFTPeers.run
FNDA:0,ConfigureRealOFTPeers.run
DA:19,0
DA:22,0
DA:23,0
DA:24,0
DA:26,0
DA:29,0
DA:30,0
DA:31,0
DA:33,0
BRDA:33,0,0,-
BRDA:33,0,1,-
DA:35,0
DA:36,0
DA:37,0
BRDA:37,1,0,-
BRDA:37,1,1,-
DA:39,0
DA:40,0
DA:41,0
BRDA:41,2,0,-
BRDA:41,2,1,-
DA:43,0
DA:44,0
DA:46,0
DA:49,0
DA:50,0
DA:52,0
DA:55,0
BRDA:55,3,0,-
BRDA:55,3,1,-
DA:57,0
DA:58,0
DA:60,0
DA:61,0
DA:63,0
BRDA:63,4,0,-
BRDA:63,4,1,-
DA:65,0
DA:66,0
DA:68,0
DA:69,0
DA:71,0
BRDA:71,5,0,-
DA:73,0
DA:74,0
DA:76,0
DA:77,0
DA:80,0
DA:82,0
DA:83,0
DA:84,0
DA:85,0
DA:88,0
FN:88,ConfigureRealOFTPeers.addressToBytes32
FNDA:0,ConfigureRealOFTPeers.addressToBytes32
DA:89,0
FNF:2
FNH:0
LF:44
LH:0
BRF:11
BRH:0
end_of_record
TN:
SF:script/DeployNewWrapper.s.sol
DA:28,0
FN:28,DeployNewWrapper.run
FNDA:0,DeployNewWrapper.run
DA:29,0
DA:30,0
DA:31,0
DA:33,0
DA:35,0
BRDA:35,0,0,-
BRDA:35,0,1,-
DA:37,0
DA:38,0
BRDA:38,1,0,-
BRDA:38,1,1,-
DA:40,0
DA:41,0
BRDA:41,2,0,-
DA:43,0
DA:46,0
DA:49,0
FN:49,DeployNewWrapper.deployBaseWrapper
FNDA:0,DeployNewWrapper.deployBaseWrapper
DA:50,0
DA:52,0
DA:60,0
DA:62,0
DA:63,0
DA:64,0
DA:65,0
DA:66,0
DA:69,0
FN:69,DeployNewWrapper.deployEthereumWrapper
FNDA:0,DeployNewWrapper.deployEthereumWrapper
DA:70,0
DA:72,0
DA:80,0
DA:82,0
DA:83,0
DA:84,0
DA:85,0
DA:86,0
DA:89,0
FN:89,DeployNewWrapper.deployOptimismWrapper
FNDA:0,DeployNewWrapper.deployOptimismWrapper
DA:90,0
DA:92,0
DA:100,0
DA:102,0
DA:103,0
DA:104,0
DA:105,0
DA:106,0
FNF:4
FNH:0
LF:39
LH:0
BRF:5
BRH:0
end_of_record
TN:
SF:script/MintTestTokens.s.sol
DA:22,0
FN:22,MintTestTokens.run
FNDA:0,MintTestTokens.run
DA:23,0
DA:24,0
DA:26,0
DA:27,0
DA:28,0
DA:29,0
DA:30,0
DA:33,0
DA:35,0
BRDA:35,0,0,-
DA:36,0
DA:37,0
DA:38,0
DA:41,0
DA:44,0
DA:56,0
DA:58,0
DA:59,0
DA:60,0
DA:61,0
DA:62,0
DA:63,0
DA:64,0
DA:67,0
FN:67,MintTestTokens.mintTokensToAddress
FNDA:0,MintTestTokens.mintTokensToAddress
DA:74,0
DA:76,0
BRDA:76,1,0,-
DA:77,0
DA:78,0
BRDA:78,1,1,-
DA:79,0
DA:82,0
BRDA:82,2,0,-
DA:83,0
DA:84,0
BRDA:84,2,1,-
DA:85,0
DA:88,0
BRDA:88,3,0,-
DA:89,0
DA:90,0
BRDA:90,3,1,-
DA:91,0
DA:94,0
DA:97,0
FN:97,MintTestTokens.getTokenAddresses
FNDA:0,MintTestTokens.getTokenAddresses
DA:102,0
BRDA:102,4,0,-
BRDA:102,4,1,-
DA:104,0
DA:105,0
DA:106,0
DA:107,0
BRDA:107,5,0,-
BRDA:107,5,1,-
DA:109,0
DA:110,0
DA:111,0
DA:112,0
BRDA:112,6,0,-
DA:114,0
DA:115,0
DA:116,0
DA:121,0
FN:121,MintTestTokens.getNetworkName
FNDA:0,MintTestTokens.getNetworkName
DA:122,0
DA:123,0
DA:124,0
DA:125,0
DA:129,0
FN:129,MintTestTokens.checkBalances
FNDA:0,MintTestTokens.checkBalances
DA:130,0
DA:131,0
DA:133,0
BRDA:133,10,0,-
DA:134,0
DA:135,0
DA:138,0
DA:139,0
DA:140,0
DA:141,0
DA:143,0
BRDA:143,11,0,-
DA:144,0
DA:145,0
BRDA:145,11,1,-
DA:146,0
DA:149,0
BRDA:149,12,0,-
DA:150,0
DA:151,0
BRDA:151,12,1,-
DA:152,0
DA:155,0
BRDA:155,13,0,-
DA:156,0
DA:157,0
BRDA:157,13,1,-
DA:158,0
FNF:5
FNH:0
LF:78
LH:0
BRF:19
BRH:0
end_of_record
TN:
SF:script/TestFullProtocolFlow.s.sol
DA:19,0
FN:19,TestFullProtocolFlow.run
FNDA:0,TestFullProtocolFlow.run
DA:20,0
DA:21,0
DA:23,0
DA:25,0
DA:26,0
DA:27,0
DA:30,0
DA:31,0
DA:32,0
DA:35,0
DA:36,0
DA:38,0
DA:39,0
DA:42,0
DA:43,0
DA:45,0
BRDA:45,0,0,-
BRDA:45,0,1,-
DA:47,0
DA:48,0
DA:51,0
DA:52,0
DA:53,0
DA:55,0
BRDA:55,1,0,-
BRDA:55,1,1,-
DA:56,0
DA:58,0
DA:61,0
DA:64,0
DA:66,0
DA:67,0
DA:68,0
DA:69,0
DA:70,0
DA:71,0
DA:72,0
DA:73,0
FNF:1
FNH:0
LF:35
LH:0
BRF:4
BRH:0
end_of_record
TN:
SF:script/UpdateWrapperToNewQueue.s.sol
DA:16,0
FN:16,UpdateWrapperToNewQueue.run
FNDA:0,UpdateWrapperToNewQueue.run
DA:17,0
DA:18,0
DA:20,0
DA:22,0
DA:23,0
DA:24,0
DA:25,0
DA:26,0
DA:29,0
DA:32,0
DA:33,0
DA:35,0
DA:37,0
DA:39,0
DA:40,0
DA:41,0
DA:42,0
DA:43,0
DA:44,0
DA:45,0
DA:46,0
DA:47,0
DA:48,0
DA:49,0
DA:50,0
FNF:1
FNH:0
LF:26
LH:0
BRF:0
BRH:0
end_of_record
TN:
SF:src/CustodyManager.sol
DA:74,4
FN:74,CustodyManager.onlyValidDestination
FNDA:4,CustodyManager.onlyValidDestination
DA:75,4
DA:85,99
FN:85,CustodyManager.constructor
FNDA:99,CustodyManager.constructor
DA:86,99
BRDA:86,0,0,1
DA:89,98
DA:90,98
DA:91,98
DA:94,98
DA:104,21
FN:104,CustodyManager.setCustodyAddress
FNDA:21,CustodyManager.setCustodyAddress
DA:105,20
BRDA:105,1,0,-
DA:106,20
BRDA:106,2,0,-
DA:108,20
DA:109,20
DA:112,20
BRDA:112,3,0,19
DA:113,19
DA:114,19
DA:117,20
DA:124,5
FN:124,CustodyManager.removeCustodyAddress
FNDA:5,CustodyManager.removeCustodyAddress
DA:125,4
BRDA:125,4,0,1
DA:127,3
DA:128,3
DA:129,3
DA:132,3
BRDA:132,5,0,3
DA:133,3
DA:134,3
DA:137,3
DA:145,7
FN:145,CustodyManager.setCustodyEnforcement
FNDA:7,CustodyManager.setCustodyEnforcement
DA:146,6
BRDA:146,6,0,1
DA:148,5
DA:149,5
DA:159,9
FN:159,CustodyManager.validateDestination
FNDA:9,CustodyManager.validateDestination
DA:160,9
DA:168,7
FN:168,CustodyManager.isAuthorizedCustodian
FNDA:7,CustodyManager.isAuthorizedCustodian
DA:169,7
DA:177,4
FN:177,CustodyManager.isCustodyEnforced
FNDA:4,CustodyManager.isCustodyEnforced
DA:178,4
DA:189,5
FN:189,CustodyManager.emergencySweep
FNDA:5,CustodyManager.emergencySweep
DA:190,4
BRDA:190,7,0,1
DA:191,3
BRDA:191,8,0,1
DA:192,2
BRDA:192,9,0,1
DA:194,1
DA:195,1
BRDA:195,10,0,1
DA:198,0
DA:200,0
DA:206,2
FN:206,CustodyManager.emergencyPause
FNDA:2,CustodyManager.emergencyPause
DA:207,1
DA:213,1
FN:213,CustodyManager.emergencyUnpause
FNDA:1,CustodyManager.emergencyUnpause
DA:214,0
DA:223,6
FN:223,CustodyManager.addCustodian
FNDA:6,CustodyManager.addCustodian
DA:224,5
BRDA:224,11,0,1
DA:226,4
DA:227,4
DA:234,2
FN:234,CustodyManager.removeCustodian
FNDA:2,CustodyManager.removeCustodian
DA:235,1
BRDA:235,12,0,1
DA:237,0
DA:238,0
DA:245,4
FN:245,CustodyManager.batchAddCustodians
FNDA:4,CustodyManager.batchAddCustodians
DA:246,3
DA:247,5
BRDA:247,13,0,2
DA:248,2
DA:249,2
DA:260,7
FN:260,CustodyManager.getAllCustodyTokens
FNDA:7,CustodyManager.getAllCustodyTokens
DA:261,7
DA:270,2
FN:270,CustodyManager.getCustodyConfig
FNDA:2,CustodyManager.getCustodyConfig
DA:271,2
DA:278,0
FN:278,CustodyManager.getCustodianCount
FNDA:0,CustodyManager.getCustodianCount
DA:279,0
DA:287,1
FN:287,CustodyManager.getCustodianAtIndex
FNDA:1,CustodyManager.getCustodianAtIndex
DA:288,1
DA:298,13
FN:298,CustodyManager._validateDestination
FNDA:13,CustodyManager._validateDestination
DA:300,13
BRDA:300,14,0,13
DA:301,13
DA:305,6
BRDA:305,15,0,3
DA:306,3
DA:314,3
FN:314,CustodyManager._removeFromCustodyList
FNDA:3,CustodyManager._removeFromCustodyList
DA:315,3
DA:316,5
BRDA:316,16,0,3
DA:317,3
DA:318,3
DA:319,3
FNF:20
FNH:19
LF:80
LH:73
BRF:17
BRH:15
end_of_record
TN:
SF:src/RedemptionQueue.sol
DA:115,1
FN:115,RedemptionQueue.onlyCustodian
FNDA:1,RedemptionQueue.onlyCustodian
DA:116,1
BRDA:116,0,0,-
DA:117,0
DA:122,16
FN:122,RedemptionQueue.whenNotPaused
FNDA:16,RedemptionQueue.whenNotPaused
DA:123,1
BRDA:123,1,0,1
DA:127,1
FN:127,RedemptionQueue.validRedemptionId
FNDA:1,RedemptionQueue.validRedemptionId
DA:128,1
BRDA:128,2,0,-
DA:129,0
DA:136,12
FN:136,RedemptionQueue.constructor
FNDA:12,RedemptionQueue.constructor
DA:137,12
DA:139,12
BRDA:139,3,0,-
DA:140,12
BRDA:140,4,0,-
DA:141,12
BRDA:141,5,0,-
DA:142,0
DA:145,12
DA:146,12
DA:147,12
DA:148,12
DA:149,12
DA:160,16
FN:160,RedemptionQueue.redeem
FNDA:16,RedemptionQueue.redeem
DA:161,15
BRDA:161,6,0,1
DA:162,14
BRDA:162,7,0,1
DA:165,13
DA:166,13
DA:168,13
BRDA:168,8,0,13
BRDA:168,8,1,-
DA:169,13
DA:170,0
BRDA:170,9,0,-
BRDA:170,9,1,-
DA:171,0
DA:173,0
DA:177,13
DA:178,13
BRDA:178,10,0,1
DA:179,1
DA:183,12
DA:186,12
DA:187,12
DA:198,12
DA:200,12
DA:207,7
FN:207,RedemptionQueue.fulfillRedemption
FNDA:7,RedemptionQueue.fulfillRedemption
DA:208,5
DA:215,8
FN:215,RedemptionQueue._fulfillRedemptionInternal
FNDA:8,RedemptionQueue._fulfillRedemptionInternal
DA:216,8
DA:217,0
BRDA:217,11,0,-
DA:220,8
DA:221,8
BRDA:221,12,0,1
DA:222,1
DA:226,7
DA:227,7
BRDA:227,13,0,-
DA:228,0
DA:232,7
DA:235,7
DA:237,7
DA:244,1
FN:244,RedemptionQueue.batchFulfillRedemptions
FNDA:1,RedemptionQueue.batchFulfillRedemptions
DA:245,1
DA:246,3
BRDA:246,14,0,3
DA:247,3
DA:249,3
DA:260,8
FN:260,RedemptionQueue.getRedemptionRequest
FNDA:8,RedemptionQueue.getRedemptionRequest
DA:261,8
DA:269,2
FN:269,RedemptionQueue.getUserRedemptions
FNDA:2,RedemptionQueue.getUserRedemptions
DA:270,2
DA:278,1
FN:278,RedemptionQueue.getUserRedemptionDetails
FNDA:1,RedemptionQueue.getUserRedemptionDetails
DA:279,1
DA:280,1
DA:282,1
DA:283,1
DA:286,1
DA:294,5
FN:294,RedemptionQueue.getPendingRedemptions
FNDA:5,RedemptionQueue.getPendingRedemptions
DA:295,5
DA:298,5
DA:299,5
DA:300,10
BRDA:300,15,0,3
DA:301,3
DA:306,5
DA:307,5
DA:308,5
DA:309,10
BRDA:309,16,0,3
DA:310,3
DA:314,5
DA:322,2
FN:322,RedemptionQueue.isRedemptionReady
FNDA:2,RedemptionQueue.isRedemptionReady
DA:323,2
DA:325,2
DA:333,1
FN:333,RedemptionQueue.getRedemptionReadyTime
FNDA:1,RedemptionQueue.getRedemptionReadyTime
DA:334,1
DA:335,1
DA:343,1
FN:343,RedemptionQueue.getAvailableReserve
FNDA:1,RedemptionQueue.getAvailableReserve
DA:344,1
DA:351,3
FN:351,RedemptionQueue.getRedemptionCount
FNDA:3,RedemptionQueue.getRedemptionCount
DA:352,3
DA:360,2
FN:360,RedemptionQueue.getUserRedemptionCount
FNDA:2,RedemptionQueue.getUserRedemptionCount
DA:361,2
DA:370,1
FN:370,RedemptionQueue.setRedemptionDelay
FNDA:1,RedemptionQueue.setRedemptionDelay
DA:371,1
BRDA:371,18,0,-
DA:372,0
DA:375,1
DA:376,1
DA:378,1
DA:386,13
FN:386,RedemptionQueue.setCustodian
FNDA:13,RedemptionQueue.setCustodian
DA:387,13
BRDA:387,19,0,-
DA:389,13
DA:390,13
DA:399,0
FN:399,RedemptionQueue.emergencyWithdraw
FNDA:0,RedemptionQueue.emergencyWithdraw
DA:400,0
BRDA:400,20,0,-
DA:401,0
BRDA:401,21,0,-
DA:402,0
BRDA:402,22,0,-
DA:404,0
DA:405,0
DA:411,1
FN:411,RedemptionQueue.pause
FNDA:1,RedemptionQueue.pause
DA:412,0
BRDA:412,23,0,-
DA:413,1
DA:419,1
FN:419,RedemptionQueue.unpause
FNDA:1,RedemptionQueue.unpause
DA:420,1
BRDA:420,24,0,-
DA:421,1
DA:428,0
FN:428,RedemptionQueue.isPaused
FNDA:0,RedemptionQueue.isPaused
DA:429,0
DA:440,0
FN:440,RedemptionQueue._calculateUnderlyingAmount
FNDA:0,RedemptionQueue._calculateUnderlyingAmount
DA:445,0
BRDA:445,25,0,-
BRDA:445,25,1,-
DA:446,0
DA:447,0
BRDA:447,26,0,-
BRDA:447,26,1,-
DA:448,0
DA:450,0
FNF:24
FNH:21
LF:120
LH:96
BRF:30
BRH:9
end_of_record
TN:
SF:src/SovaBTCOFT.sol
DA:52,0
FN:52,SovaBTCOFT.onlyMinter
FNDA:0,SovaBTCOFT.onlyMinter
DA:53,0
BRDA:53,0,0,-
DA:57,0
FN:57,SovaBTCOFT.whenNotPaused
FNDA:0,SovaBTCOFT.whenNotPaused
DA:58,0
BRDA:58,1,0,-
DA:71,0
FN:71,SovaBTCOFT.constructor
FNDA:0,SovaBTCOFT.constructor
DA:78,0
DA:79,0
DA:82,0
DA:83,0
DA:84,0
DA:85,0
DA:93,0
FN:93,SovaBTCOFT.decimals
FNDA:0,SovaBTCOFT.decimals
DA:94,0
DA:103,0
FN:103,SovaBTCOFT.addMinter
FNDA:0,SovaBTCOFT.addMinter
DA:104,0
BRDA:104,2,0,-
DA:105,0
DA:106,0
DA:113,0
FN:113,SovaBTCOFT.removeMinter
FNDA:0,SovaBTCOFT.removeMinter
DA:114,0
DA:115,0
DA:123,0
FN:123,SovaBTCOFT.isMinter
FNDA:0,SovaBTCOFT.isMinter
DA:124,0
DA:134,0
FN:134,SovaBTCOFT.adminMint
FNDA:0,SovaBTCOFT.adminMint
DA:135,0
BRDA:135,3,0,-
DA:136,0
DA:137,0
DA:145,0
FN:145,SovaBTCOFT.adminBurn
FNDA:0,SovaBTCOFT.adminBurn
DA:146,0
BRDA:146,4,0,-
DA:147,0
DA:148,0
DA:154,0
FN:154,SovaBTCOFT.isPaused
FNDA:0,SovaBTCOFT.isPaused
DA:155,0
DA:161,0
FN:161,SovaBTCOFT.pause
FNDA:0,SovaBTCOFT.pause
DA:162,0
BRDA:162,5,0,-
DA:163,0
DA:164,0
DA:170,0
FN:170,SovaBTCOFT.unpause
FNDA:0,SovaBTCOFT.unpause
DA:171,0
BRDA:171,6,0,-
DA:172,0
DA:173,0
DA:179,0
FN:179,SovaBTCOFT.setMinDepositAmount
FNDA:0,SovaBTCOFT.setMinDepositAmount
DA:180,0
DA:186,0
FN:186,SovaBTCOFT.setMaxDepositAmount
FNDA:0,SovaBTCOFT.setMaxDepositAmount
DA:187,0
DA:193,0
FN:193,SovaBTCOFT.setMaxGasLimitAmount
FNDA:0,SovaBTCOFT.setMaxGasLimitAmount
DA:194,0
DA:203,0
FN:203,SovaBTCOFT.depositBTC
FNDA:0,SovaBTCOFT.depositBTC
DA:204,0
DA:211,0
FN:211,SovaBTCOFT.withdraw
FNDA:0,SovaBTCOFT.withdraw
DA:212,0
DA:218,0
FN:218,SovaBTCOFT.isTransactionUsed
FNDA:0,SovaBTCOFT.isTransactionUsed
DA:219,0
DA:227,0
FN:227,SovaBTCOFT._debit
FNDA:0,SovaBTCOFT._debit
DA:233,0
DA:239,0
FN:239,SovaBTCOFT._credit
FNDA:0,SovaBTCOFT._credit
DA:244,0
FNF:20
FNH:0
LF:56
LH:0
BRF:7
BRH:0
end_of_record
TN:
SF:src/SovaBTCWrapper.sol
DA:59,9
FN:59,SovaBTCWrapper.whenNotPaused
FNDA:9,SovaBTCWrapper.whenNotPaused
DA:60,1
BRDA:60,0,0,1
DA:64,22
FN:64,SovaBTCWrapper.constructor
FNDA:22,SovaBTCWrapper.constructor
DA:65,22
DA:67,22
BRDA:67,1,0,-
DA:68,22
BRDA:68,2,0,-
DA:69,22
BRDA:69,3,0,-
DA:71,22
DA:72,22
DA:73,22
DA:74,22
DA:75,22
DA:85,9
FN:85,SovaBTCWrapper.deposit
FNDA:9,SovaBTCWrapper.deposit
DA:86,8
BRDA:86,4,0,1
DA:87,7
BRDA:87,5,0,1
DA:90,6
DA:93,6
DA:94,6
BRDA:94,6,0,3
BRDA:94,6,1,1
DA:95,3
DA:96,3
BRDA:96,7,0,1
BRDA:96,7,1,1
DA:97,1
DA:100,2
DA:101,2
BRDA:101,8,0,1
DA:102,1
DA:104,1
DA:108,5
BRDA:108,9,0,1
DA:109,1
DA:113,4
DA:116,4
BRDA:116,10,0,-
DA:117,0
DA:121,4
DA:123,4
DA:137,6
FN:137,SovaBTCWrapper.previewDeposit
FNDA:6,SovaBTCWrapper.previewDeposit
DA:138,6
BRDA:138,11,0,-
DA:139,0
DA:142,6
DA:144,6
BRDA:144,12,0,1
BRDA:144,12,1,4
DA:145,1
DA:146,5
BRDA:146,13,0,1
BRDA:146,13,1,4
DA:147,1
DA:150,4
DA:151,4
BRDA:151,14,0,-
DA:152,0
DA:154,4
DA:165,0
FN:165,SovaBTCWrapper.getAvailableReserve
FNDA:0,SovaBTCWrapper.getAvailableReserve
DA:166,0
DA:167,0
DA:174,0
FN:174,SovaBTCWrapper.getRedemptionQueue
FNDA:0,SovaBTCWrapper.getRedemptionQueue
DA:175,0
DA:184,0
FN:184,SovaBTCWrapper.setRedemptionQueue
FNDA:0,SovaBTCWrapper.setRedemptionQueue
DA:185,0
DA:186,0
DA:187,0
DA:194,2
FN:194,SovaBTCWrapper.setMinDepositSatoshi
FNDA:2,SovaBTCWrapper.setMinDepositSatoshi
DA:195,1
DA:196,1
DA:197,1
DA:203,2
FN:203,SovaBTCWrapper.pause
FNDA:2,SovaBTCWrapper.pause
DA:204,0
BRDA:204,16,0,-
DA:205,2
DA:206,2
DA:212,1
FN:212,SovaBTCWrapper.unpause
FNDA:1,SovaBTCWrapper.unpause
DA:213,1
BRDA:213,17,0,-
DA:214,1
DA:215,1
DA:222,3
FN:222,SovaBTCWrapper.isPaused
FNDA:3,SovaBTCWrapper.isPaused
DA:223,3
DA:232,0
FN:232,SovaBTCWrapper.emergencyWithdraw
FNDA:0,SovaBTCWrapper.emergencyWithdraw
DA:233,0
BRDA:233,18,0,-
DA:234,0
BRDA:234,19,0,-
DA:235,0
BRDA:235,20,0,-
DA:238,0
DA:240,0
DA:247,0
FN:247,SovaBTCWrapper.emergencySweepToCustody
FNDA:0,SovaBTCWrapper.emergencySweepToCustody
DA:248,0
DA:249,0
DA:250,0
DA:252,0
BRDA:252,21,0,-
DA:253,0
DA:254,0
BRDA:254,22,0,-
DA:255,0
DA:266,1
FN:266,SovaBTCWrapper.getTokenBalance
FNDA:1,SovaBTCWrapper.getTokenBalance
DA:267,1
DA:278,0
FN:278,SovaBTCWrapper.getCustodyConfig
FNDA:0,SovaBTCWrapper.getCustodyConfig
DA:279,0
DA:287,0
FN:287,SovaBTCWrapper.isAuthorizedCustodian
FNDA:0,SovaBTCWrapper.isAuthorizedCustodian
DA:288,0
DA:295,0
FN:295,SovaBTCWrapper.getAllCustodyTokens
FNDA:0,SovaBTCWrapper.getAllCustodyTokens
DA:296,0
FNF:17
FNH:9
LF:89
LH:56
BRF:26
BRH:13
end_of_record
TN:
SF:src/TokenWhitelist.sol
DA:32,34
FN:32,TokenWhitelist.constructor
FNDA:34,TokenWhitelist.constructor
DA:33,34
DA:41,30
FN:41,TokenWhitelist.addAllowedToken
FNDA:30,TokenWhitelist.addAllowedToken
DA:42,29
BRDA:42,0,0,1
DA:43,1
BRDA:43,1,0,1
DA:46,27
DA:49,27
DA:50,27
DA:52,27
DA:60,3
FN:60,TokenWhitelist.removeAllowedToken
FNDA:3,TokenWhitelist.removeAllowedToken
DA:61,2
BRDA:61,2,0,1
DA:63,1
DA:66,1
DA:68,1
DA:76,35
FN:76,TokenWhitelist.isTokenAllowed
FNDA:35,TokenWhitelist.isTokenAllowed
DA:77,35
DA:85,29
FN:85,TokenWhitelist.getTokenDecimals
FNDA:29,TokenWhitelist.getTokenDecimals
DA:86,29
DA:94,1
FN:94,TokenWhitelist.addAllowedTokensBatch
FNDA:1,TokenWhitelist.addAllowedTokensBatch
DA:95,1
DA:96,3
DA:97,3
BRDA:97,3,0,-
DA:100,3
DA:101,3
DA:102,3
DA:104,3
FNF:6
FNH:6
LF:26
LH:26
BRF:4
BRH:3
end_of_record
TN:
SF:src/staking/SOVAToken.sol
DA:33,10
FN:33,SOVAToken.onlyMinter
FNDA:10,SOVAToken.onlyMinter
DA:34,10
BRDA:34,0,0,2
DA:40,35
FN:40,SOVAToken.constructor
FNDA:35,SOVAToken.constructor
DA:43,35
DA:45,35
BRDA:45,1,0,1
DA:47,34
BRDA:47,2,0,33
DA:48,33
DA:52,34
DA:53,34
DA:63,10
FN:63,SOVAToken.mint
FNDA:10,SOVAToken.mint
DA:64,8
BRDA:64,3,0,1
DA:65,7
DA:73,7
FN:73,SOVAToken.batchMint
FNDA:7,SOVAToken.batchMint
DA:74,6
BRDA:74,4,0,1
DA:76,5
DA:77,5
DA:78,12
DA:81,5
BRDA:81,5,0,1
DA:83,4
DA:84,10
BRDA:84,6,0,8
DA:85,8
DA:96,10
FN:96,SOVAToken.addMinter
FNDA:10,SOVAToken.addMinter
DA:97,8
BRDA:97,7,0,1
DA:99,7
BRDA:99,8,0,6
DA:100,6
DA:101,6
DA:109,4
FN:109,SOVAToken.removeMinter
FNDA:4,SOVAToken.removeMinter
DA:110,2
BRDA:110,9,0,2
DA:111,2
DA:112,2
DA:121,11
FN:121,SOVAToken.isMinter
FNDA:11,SOVAToken.isMinter
DA:122,11
DA:131,10
FN:131,SOVAToken.remainingSupply
FNDA:10,SOVAToken.remainingSupply
DA:132,10
DA:140,7
FN:140,SOVAToken.canMint
FNDA:7,SOVAToken.canMint
DA:141,7
FNF:9
FNH:9
LF:36
LH:36
BRF:10
BRH:10
end_of_record
TN:
SF:src/staking/SovaBTCStaking.sol
DA:66,3
FN:66,SovaBTCStaking.validPool
FNDA:3,SovaBTCStaking.validPool
DA:67,3
BRDA:67,0,0,1
DA:71,7
FN:71,SovaBTCStaking.notEmergency
FNDA:7,SovaBTCStaking.notEmergency
DA:72,1
BRDA:72,1,0,1
DA:78,65
FN:78,SovaBTCStaking.constructor
FNDA:65,SovaBTCStaking.constructor
DA:79,65
DA:81,65
BRDA:81,2,0,1
DA:82,64
DA:93,27
FN:93,SovaBTCStaking.stake
FNDA:27,SovaBTCStaking.stake
DA:101,24
BRDA:101,3,0,1
DA:103,23
DA:104,23
DA:107,23
DA:110,23
BRDA:110,4,0,1
DA:111,1
DA:112,1
BRDA:112,5,0,1
DA:113,1
DA:114,1
DA:119,23
DA:122,23
DA:123,23
DA:125,23
BRDA:125,6,0,6
DA:126,6
DA:127,6
DA:131,23
DA:132,23
DA:133,23
BRDA:133,7,0,6
DA:134,6
DA:136,23
DA:139,23
DA:141,23
DA:149,8
FN:149,SovaBTCStaking.unstake
FNDA:8,SovaBTCStaking.unstake
DA:150,6
BRDA:150,8,0,1
DA:152,5
DA:153,5
DA:155,5
BRDA:155,9,0,1
DA:158,4
BRDA:158,10,0,1
DA:161,3
DA:164,3
DA:165,3
BRDA:165,11,0,3
DA:166,3
DA:167,3
DA:171,3
DA:172,3
BRDA:172,12,0,2
DA:174,2
DA:178,3
DA:179,3
DA:182,3
DA:185,3
DA:187,3
DA:194,8
FN:194,SovaBTCStaking.claimRewards
FNDA:8,SovaBTCStaking.claimRewards
DA:195,6
DA:196,6
DA:199,6
DA:202,6
DA:204,6
BRDA:204,13,0,5
DA:206,5
DA:209,5
DA:211,5
DA:219,5
FN:219,SovaBTCStaking.emergencyUnstake
FNDA:5,SovaBTCStaking.emergencyUnstake
DA:220,4
DA:221,4
DA:223,4
DA:224,4
BRDA:224,14,0,1
DA:227,3
DA:228,3
BRDA:228,15,0,1
DA:229,1
DA:233,3
DA:234,3
DA:235,3
DA:238,3
DA:241,3
DA:243,3
DA:254,7
FN:254,SovaBTCStaking.pendingRewards
FNDA:7,SovaBTCStaking.pendingRewards
DA:255,6
DA:256,6
DA:258,6
DA:260,6
BRDA:260,16,0,4
DA:261,4
DA:262,4
DA:263,4
DA:266,6
DA:275,6
FN:275,SovaBTCStaking.getUserInfo
FNDA:6,SovaBTCStaking.getUserInfo
DA:282,6
DA:290,5
FN:290,SovaBTCStaking.getPoolInfo
FNDA:5,SovaBTCStaking.getPoolInfo
DA:291,5
DA:298,2
FN:298,SovaBTCStaking.poolLength
FNDA:2,SovaBTCStaking.poolLength
DA:299,2
DA:308,3
FN:308,SovaBTCStaking.getActualStakedAmount
FNDA:3,SovaBTCStaking.getActualStakedAmount
DA:309,2
DA:310,2
DA:312,2
BRDA:312,17,0,1
DA:313,1
DA:315,1
DA:328,44
FN:328,SovaBTCStaking.addPool
FNDA:44,SovaBTCStaking.addPool
DA:335,43
BRDA:335,18,0,2
DA:336,41
BRDA:336,19,0,1
DA:337,40
BRDA:337,20,0,1
DA:339,39
DA:352,39
DA:353,39
DA:363,5
FN:363,SovaBTCStaking.updatePool
FNDA:5,SovaBTCStaking.updatePool
DA:369,3
BRDA:369,21,0,1
DA:370,2
BRDA:370,22,0,1
DA:373,1
DA:375,1
DA:376,1
DA:377,1
DA:378,1
DA:380,1
DA:388,3
FN:388,SovaBTCStaking.fundRewardPool
FNDA:3,SovaBTCStaking.fundRewardPool
DA:389,2
BRDA:389,23,0,1
DA:391,1
DA:392,1
DA:399,4
FN:399,SovaBTCStaking.setProtocolFee
FNDA:4,SovaBTCStaking.setProtocolFee
DA:400,3
BRDA:400,24,0,1
DA:401,2
DA:408,3
FN:408,SovaBTCStaking.setFeeRecipient
FNDA:3,SovaBTCStaking.setFeeRecipient
DA:409,2
BRDA:409,25,0,1
DA:410,1
DA:416,8
FN:416,SovaBTCStaking.emergencyPause
FNDA:8,SovaBTCStaking.emergencyPause
DA:417,7
DA:418,7
DA:424,2
FN:424,SovaBTCStaking.emergencyUnpause
FNDA:2,SovaBTCStaking.emergencyUnpause
DA:425,1
DA:426,1
DA:432,2
FN:432,SovaBTCStaking.massUpdatePools
FNDA:2,SovaBTCStaking.massUpdatePools
DA:433,2
DA:434,2
DA:444,35
FN:444,SovaBTCStaking._updatePool
FNDA:35,SovaBTCStaking._updatePool
DA:445,35
DA:447,35
BRDA:447,26,0,26
DA:448,26
DA:451,9
BRDA:451,27,0,-
DA:452,0
DA:453,0
DA:456,9
DA:457,9
DA:459,9
DA:460,9
DA:469,9
FN:469,SovaBTCStaking._safeRewardTransfer
FNDA:9,SovaBTCStaking._safeRewardTransfer
DA:470,9
DA:472,9
BRDA:472,28,0,2
DA:474,2
DA:477,9
BRDA:477,29,0,9
DA:479,9
DA:480,9
BRDA:480,30,0,8
DA:481,8
DA:482,8
BRDA:482,31,0,8
DA:483,8
DA:488,9
DA:489,9
BRDA:489,32,0,9
DA:490,9
FNF:22
FNH:22
LF:153
LH:151
BRF:33
BRH:32
end_of_record
TN:
SF:test/mocks/MockBTCPrecompile.sol
DA:51,4
FN:51,MockBTCPrecompile.setMockOutputs
FNDA:4,MockBTCPrecompile.setMockOutputs
DA:52,4
DA:55,5
FN:55,MockBTCPrecompile.setMockValue
FNDA:5,MockBTCPrecompile.setMockValue
DA:56,5
DA:59,4
FN:59,MockBTCPrecompile.setMockInputs
FNDA:4,MockBTCPrecompile.setMockInputs
DA:60,4
DA:63,2
FN:63,MockBTCPrecompile.setMockLocktime
FNDA:2,MockBTCPrecompile.setMockLocktime
DA:64,2
DA:67,4
FN:67,MockBTCPrecompile.setMockAddress
FNDA:4,MockBTCPrecompile.setMockAddress
DA:68,4
DA:71,23
FN:71,MockBTCPrecompile.setPrecompileFails
FNDA:23,MockBTCPrecompile.setPrecompileFails
DA:72,23
DA:75,1
FN:75,MockBTCPrecompile.reset
FNDA:1,MockBTCPrecompile.reset
DA:76,1
DA:77,1
DA:78,1
DA:79,1
DA:80,1
DA:81,1
DA:103,27
FN:103,MockBTCPrecompile.fallback
FNDA:27,MockBTCPrecompile.fallback
DA:104,1
BRDA:104,0,0,1
DA:105,1
DA:109,26
BRDA:109,1,0,2
DA:110,2
DA:112,24
DA:114,24
BRDA:114,2,0,4
DA:116,4
DA:119,20
BRDA:119,3,0,12
DA:123,12
DA:124,12
BRDA:124,4,0,10
DA:126,10
DA:128,12
DA:131,8
BRDA:131,5,0,4
DA:133,4
DA:136,4
BRDA:136,6,0,3
DA:138,3
DA:142,1
DA:150,12
FN:150,MockBTCPrecompile._encodeTx
FNDA:12,MockBTCPrecompile._encodeTx
DA:151,12
DA:152,12
BRDA:152,7,0,11
DA:153,11
DA:160,12
DA:161,12
BRDA:161,8,0,11
DA:162,11
DA:166,12
DA:169,12
FNF:9
FNH:9
LF:46
LH:46
BRF:9
BRH:9
end_of_record
TN:
SF:test/mocks/MockERC20BTC.sol
DA:17,328
FN:17,MockERC20BTC.constructor
FNDA:328,MockERC20BTC.constructor
DA:18,328
DA:19,328
DA:20,328
DA:23,31
FN:23,MockERC20BTC.decimals
FNDA:31,MockERC20BTC.decimals
DA:24,31
DA:27,76
FN:27,MockERC20BTC.balanceOf
FNDA:76,MockERC20BTC.balanceOf
DA:28,76
DA:31,33
FN:31,MockERC20BTC.transfer
FNDA:33,MockERC20BTC.transfer
DA:32,33
BRDA:32,0,0,2
BRDA:32,0,1,31
DA:33,31
DA:34,31
DA:35,31
DA:36,31
DA:39,8
FN:39,MockERC20BTC.allowance
FNDA:8,MockERC20BTC.allowance
DA:40,8
DA:43,141
FN:43,MockERC20BTC.approve
FNDA:141,MockERC20BTC.approve
DA:44,141
DA:45,141
DA:46,141
DA:49,34
FN:49,MockERC20BTC.transferFrom
FNDA:34,MockERC20BTC.transferFrom
DA:50,34
BRDA:50,1,0,3
BRDA:50,1,1,31
DA:51,31
BRDA:51,2,0,2
BRDA:51,2,1,29
DA:52,29
DA:53,29
DA:54,29
DA:55,29
DA:56,29
DA:60,274
FN:60,MockERC20BTC.mint
FNDA:274,MockERC20BTC.mint
DA:61,274
DA:62,274
DA:63,274
FNF:8
FNH:8
LF:32
LH:32
BRF:6
BRH:6
end_of_record
